npm ERR! code EACCES
npm ERR! syscall rename
npm ERR! path /Users/michaeltreser/dev/ulbi-2023/node_modules/@storybook/builder-webpack5/node_modules/@storybook/channels
npm ERR! dest /Users/michaeltreser/dev/ulbi-2023/node_modules/@storybook/builder-webpack5/node_modules/@storybook/.channels-bqOvr11D
npm ERR! errno -13
npm ERR! Error: EACCES: permission denied, rename '/Users/michaeltreser/dev/ulbi-2023/node_modules/@storybook/builder-webpack5/node_modules/@storybook/channels' -> '/Users/michaeltreser/dev/ulbi-2023/node_modules/@storybook/builder-webpack5/node_modules/@storybook/.channels-bqOvr11D'
npm ERR!  [Error: EACCES: permission denied, rename '/Users/michaeltreser/dev/ulbi-2023/node_modules/@storybook/builder-webpack5/node_modules/@storybook/channels' -> '/Users/michaeltreser/dev/ulbi-2023/node_modules/@storybook/builder-webpack5/node_modules/@storybook/.channels-bqOvr11D'] {
npm ERR!   errno: -13,
npm ERR!   code: 'EACCES',
npm ERR!   syscall: 'rename',
npm ERR!   path: '/Users/michaeltreser/dev/ulbi-2023/node_modules/@storybook/builder-webpack5/node_modules/@storybook/channels',
npm ERR!   dest: '/Users/michaeltreser/dev/ulbi-2023/node_modules/@storybook/builder-webpack5/node_modules/@storybook/.channels-bqOvr11D'
npm ERR! }
npm ERR! 
npm ERR! The operation was rejected by your operating system.
npm ERR! It is likely you do not have the permissions to access this file as the current user
npm ERR! 
npm ERR! If you believe this might be a permissions issue, please double-check the
npm ERR! permissions of the file and its containing directories, or try running
npm ERR! the command again as root/Administrator.

npm ERR! A complete log of this run can be found in:
npm ERR!     /Users/michaeltreser/.npm/_logs/2023-06-18T13_28_34_195Z-debug-0.log
